#
# A fatal error has been detected by the Java Runtime Environment:
#
#  EXCEPTION_ACCESS_VIOLATION (0xc0000005) at pc=0x0000000073f7dfc3, pid=15572, tid=0x0000000000002708
#
# JRE version: Java(TM) SE Runtime Environment (8.0_231-b11) (build 1.8.0_231-b11)
# Java VM: Java HotSpot(TM) 64-Bit Server VM (25.231-b11 mixed mode windows-amd64 compressed oops)
# Problematic frame:
# V  [jvm.dll+0xfdfc3]
#
# Failed to write core dump. Minidumps are not enabled by default on client versions of Windows
#
# If you would like to submit a bug report, please visit:
#   http://bugreport.java.com/bugreport/crash.jsp
#

---------------  T H R E A D  ---------------

Current thread (0x0000000017817800):  VMThread [stack: 0x00000000188a0000,0x00000000189a0000] [id=9992]

siginfo: ExceptionCode=0xc0000005, reading address 0xffffffffffffffff

Registers:
RAX=0x0000000000000029, RBX=0x000000001899f820, RCX=0x000000001899f820, RDX=0xffffffffffffca29
RSP=0x000000001899f5d0, RBP=0x000000001899f640, RSI=0x000000001899f820, RDI=0x00000000000000a7
R8 =0x0000000000000029, R9 =0x00000000177254a0, R10=0x03ffffffffffff28, R11=0x000000001b91cdbd
R12=0x0000000000000000, R13=0x0000000073f7dfa0, R14=0x000000000000001d, R15=0x0000000000000001
RIP=0x0000000073f7dfc3, EFLAGS=0x0000000000010a07

Top of Stack: (sp=0x000000001899f5d0)
0x000000001899f5d0:   000000001899f820 000000001899f640
0x000000001899f5e0:   000000000000001d 0000000073f3259e
0x000000001899f5f0:   000000001899f820 0000000073f7fdd0
0x000000001899f600:   0000492f66040cca 000000001899f820
0x000000001899f610:   000000001899f820 0000000073f7f886
0x000000001899f620:   000000001899f690 000000001b91cda8
0x000000001899f630:   000000000000000e 0000000073f7f886
0x000000001899f640:   00000000000003d8 00000000177257d8
0x000000001899f650:   0000000000000000 00000000000000a7
0x000000001899f660:   0000000017817800 0000000073f80834
0x000000001899f670:   000000001899f820 0000000000000000
0x000000001899f680:   000000000000001d 000000000000001a
0x000000001899f690:   000000001b91ce00 0000000017817800
0x000000001899f6a0:   000000200000001d 000000a70000002a
0x000000001899f6b0:   0000000017720000 00000000000000a7
0x000000001899f6c0:   0000000000000003 00000000000003d8 

Instructions: (pc=0x0000000073f7dfc3)
0x0000000073f7dfa3:   83 ec 20 4c 8b 89 90 00 00 00 48 63 d2 48 8b d9
0x0000000073f7dfb3:   0f b6 c2 4c 8b d2 24 3f 49 c1 ea 06 44 0f b6 c0
0x0000000073f7dfc3:   4b 8b 04 d1 4c 0f a3 c0 72 0f 48 83 c1 70 41 b0
0x0000000073f7dfd3:   01 e8 f7 8d 17 00 ff 43 6c 48 83 c4 20 5b c3 cc 


Register to memory mapping:

RAX=0x0000000000000029 is an unknown value
RBX=0x000000001899f820 is an unknown value
RCX=0x000000001899f820 is an unknown value
RDX=0xffffffffffffca29 is an unknown value
RSP=0x000000001899f5d0 is an unknown value
RBP=0x000000001899f640 is an unknown value
RSI=0x000000001899f820 is an unknown value
RDI=0x00000000000000a7 is an unknown value
R8 =0x0000000000000029 is an unknown value
R9 =0x00000000177254a0 is an unknown value
R10=0x03ffffffffffff28 is an unknown value
R11=0x000000001b91cdbd is pointing into metadata
R12=0x0000000000000000 is an unknown value
R13=0x0000000073f7dfa0 is an unknown value
R14=0x000000000000001d is an unknown value
R15=0x0000000000000001 is an unknown value


Stack: [0x00000000188a0000,0x00000000189a0000],  sp=0x000000001899f5d0,  free space=1021k
Native frames: (J=compiled Java code, j=interpreted, Vv=VM code, C=native code)
V  [jvm.dll+0xfdfc3]
V  [jvm.dll+0xffdd0]
V  [jvm.dll+0x100834]
V  [jvm.dll+0x103c14]
V  [jvm.dll+0xc50be]
V  [jvm.dll+0xc5748]
V  [jvm.dll+0xc587a]
V  [jvm.dll+0xc5a78]
V  [jvm.dll+0x10fb2a]
V  [jvm.dll+0x12d3ef]
V  [jvm.dll+0x1bf54f]
V  [jvm.dll+0x24d677]
V  [jvm.dll+0x24c916]
V  [jvm.dll+0x24cdb1]
V  [jvm.dll+0x24cfce]
V  [jvm.dll+0x29fd8a]
C  [msvcr100.dll+0x21d9f]
C  [msvcr100.dll+0x21e3b]
C  [KERNEL32.DLL+0x18102]
C  [ntdll.dll+0x5c5b4]

VM_Operation (0x00000000193bf2d0): GetOrSetLocal, mode: safepoint, requested by thread 0x0000000017866800


---------------  P R O C E S S  ---------------

Java Threads: ( => current thread )
  0x000000001af8c000 JavaThread "Okio Watchdog" daemon [_thread_blocked, id=14904, stack(0x000000001cbe0000,0x000000001cce0000)]
  0x000000001996d800 JavaThread "Exec Stream Pumper" daemon [_thread_in_native, id=9060, stack(0x000000001c6e0000,0x000000001c7e0000)]
  0x000000001994e000 JavaThread "Exec Stream Pumper" daemon [_thread_in_native, id=1524, stack(0x000000001c5e0000,0x000000001c6e0000)]
  0x000000001b3fd000 JavaThread "Exec Default Executor" daemon [_thread_in_native, id=14460, stack(0x000000001c2e0000,0x000000001c3e0000)]
  0x0000000019ed2000 JavaThread "ReaderThread" [_thread_in_native, id=5288, stack(0x000000001a6c0000,0x000000001a7c0000)]
  0x000000001981e800 JavaThread "Service Thread" daemon [_thread_blocked, id=14576, stack(0x0000000019cc0000,0x0000000019dc0000)]
  0x00000000197e8800 JavaThread "C1 CompilerThread2" daemon [_thread_blocked, id=14728, stack(0x0000000019bc0000,0x0000000019cc0000)]
  0x000000001787a800 JavaThread "C2 CompilerThread1" daemon [_thread_blocked, id=224, stack(0x00000000196c0000,0x00000000197c0000)]
  0x0000000017878800 JavaThread "C2 CompilerThread0" daemon [_thread_blocked, id=10460, stack(0x00000000195c0000,0x00000000196c0000)]
  0x000000001786b800 JavaThread "JDWP Command Reader" daemon [_thread_in_native, id=16220, stack(0x00000000194c0000,0x00000000195c0000)]
  0x000000001786a800 JavaThread "JDWP Event Helper Thread" daemon [_thread_blocked, id=12464, stack(0x00000000193c0000,0x00000000194c0000)]
  0x0000000017866800 JavaThread "JDWP Transport Listener: dt_socket" daemon [_thread_blocked, id=10352, stack(0x00000000192c0000,0x00000000193c0000)]
  0x0000000017850800 JavaThread "Attach Listener" daemon [_thread_blocked, id=15000, stack(0x0000000018d80000,0x0000000018e80000)]
  0x000000001784f000 JavaThread "Signal Dispatcher" daemon [_thread_blocked, id=7492, stack(0x0000000018c80000,0x0000000018d80000)]
  0x0000000017840000 JavaThread "Finalizer" daemon [_thread_blocked, id=13388, stack(0x0000000018aa0000,0x0000000018ba0000)]
  0x0000000002d05000 JavaThread "Reference Handler" daemon [_thread_blocked, id=11764, stack(0x00000000189a0000,0x0000000018aa0000)]
  0x0000000002c14000 JavaThread "main" [_thread_blocked, id=8388, stack(0x0000000002ac0000,0x0000000002bc0000)]

Other Threads:
=>0x0000000017817800 VMThread [stack: 0x00000000188a0000,0x00000000189a0000] [id=9992]
  0x0000000019821000 WatcherThread [stack: 0x0000000019dc0000,0x0000000019ec0000] [id=84]

VM state:at safepoint (normal execution)

VM Mutex/Monitor currently owned by a thread:  ([mutex/lock_event])
[0x0000000002c11550] Threads_lock - owner thread: 0x0000000017817800

heap address: 0x0000000081a00000, size: 2022 MB, Compressed Oops mode: 32-bit
Narrow klass base: 0x0000000000000000, Narrow klass shift: 3
Compressed class space size: 1073741824 Address: 0x0000000100000000

Heap:
 PSYoungGen      total 38400K, used 12362K [0x00000000d5e00000, 0x00000000d8880000, 0x0000000100000000)
  eden space 33280K, 37% used [0x00000000d5e00000,0x00000000d6a12ba0,0x00000000d7e80000)
  from space 5120K, 0% used [0x00000000d7e80000,0x00000000d7e80000,0x00000000d8380000)
  to   space 5120K, 0% used [0x00000000d8380000,0x00000000d8380000,0x00000000d8880000)
 ParOldGen       total 66560K, used 8674K [0x0000000081a00000, 0x0000000085b00000, 0x00000000d5e00000)
  object space 66560K, 13% used [0x0000000081a00000,0x0000000082278ac8,0x0000000085b00000)
 Metaspace       used 21445K, capacity 22774K, committed 22912K, reserved 1069056K
  class space    used 2866K, capacity 3163K, committed 3200K, reserved 1048576K

Card table byte_map: [0x00000000120d0000,0x00000000124d0000] byte_map_base: 0x0000000011cc3000

Marking Bits: (ParMarkBitMap*) 0x00000000746a6d90
 Begin Bits: [0x0000000012b80000, 0x0000000014b18000)
 End Bits:   [0x0000000014b18000, 0x0000000016ab0000)

Polling page: 0x00000000012c0000

CodeCache: size=245760Kb used=7004Kb max_used=7004Kb free=238755Kb
 bounds [0x0000000002d10000, 0x00000000033f0000, 0x0000000011d10000]
 total_blobs=2462 nmethods=2034 adapters=348
 compilation: enabled

Compilation events (10 events):
Event: 22.513 Thread 0x00000000197e8800 2030       3       sun.nio.cs.StreamEncoder::implFlushBuffer (15 bytes)
Event: 22.513 Thread 0x00000000197e8800 nmethod 2030 0x00000000033e86d0 code [0x00000000033e8840, 0x00000000033e8aa8]
Event: 22.513 Thread 0x00000000197e8800 2032       3       java.io.FileOutputStream::write (12 bytes)
Event: 22.514 Thread 0x00000000197e8800 nmethod 2032 0x00000000033e8b90 code [0x00000000033e8d00, 0x00000000033e8ec8]
Event: 22.514 Thread 0x00000000197e8800 2033   !   3       io.cucumber.core.plugin.NiceAppendable::tryFlush (37 bytes)
Event: 22.515 Thread 0x00000000197e8800 nmethod 2033 0x00000000033e8f50 code [0x00000000033e9100, 0x00000000033e9658]
Event: 22.515 Thread 0x00000000197e8800 2034       3       java.io.OutputStreamWriter::flush (8 bytes)
Event: 22.516 Thread 0x00000000197e8800 nmethod 2034 0x00000000033e9810 code [0x00000000033e99e0, 0x00000000033ea1e8]
Event: 22.516 Thread 0x00000000197e8800 2035   !   3       sun.nio.cs.StreamEncoder::flush (26 bytes)
Event: 22.517 Thread 0x00000000197e8800 nmethod 2035 0x00000000033ea710 code [0x00000000033ea8e0, 0x00000000033eb068]

GC Heap History (8 events):
Event: 1.944 GC heap before
{Heap before GC invocations=1 (full 0):
 PSYoungGen      total 38400K, used 33280K [0x00000000d5e00000, 0x00000000d8880000, 0x0000000100000000)
  eden space 33280K, 100% used [0x00000000d5e00000,0x00000000d7e80000,0x00000000d7e80000)
  from space 5120K, 0% used [0x00000000d8380000,0x00000000d8380000,0x00000000d8880000)
  to   space 5120K, 0% used [0x00000000d7e80000,0x00000000d7e80000,0x00000000d8380000)
 ParOldGen       total 87552K, used 0K [0x0000000081a00000, 0x0000000086f80000, 0x00000000d5e00000)
  object space 87552K, 0% used [0x0000000081a00000,0x0000000081a00000,0x0000000086f80000)
 Metaspace       used 11179K, capacity 11768K, committed 11904K, reserved 1058816K
  class space    used 1465K, capacity 1620K, committed 1664K, reserved 1048576K
Event: 1.961 GC heap after
Heap after GC invocations=1 (full 0):
 PSYoungGen      total 38400K, used 5089K [0x00000000d5e00000, 0x00000000d8880000, 0x0000000100000000)
  eden space 33280K, 0% used [0x00000000d5e00000,0x00000000d5e00000,0x00000000d7e80000)
  from space 5120K, 99% used [0x00000000d7e80000,0x00000000d8378718,0x00000000d8380000)
  to   space 5120K, 0% used [0x00000000d8380000,0x00000000d8380000,0x00000000d8880000)
 ParOldGen       total 87552K, used 57K [0x0000000081a00000, 0x0000000086f80000, 0x00000000d5e00000)
  object space 87552K, 0% used [0x0000000081a00000,0x0000000081a0e450,0x0000000086f80000)
 Metaspace       used 11179K, capacity 11768K, committed 11904K, reserved 1058816K
  class space    used 1465K, capacity 1620K, committed 1664K, reserved 1048576K
}
Event: 3.638 GC heap before
{Heap before GC invocations=2 (full 0):
 PSYoungGen      total 38400K, used 38369K [0x00000000d5e00000, 0x00000000d8880000, 0x0000000100000000)
  eden space 33280K, 100% used [0x00000000d5e00000,0x00000000d7e80000,0x00000000d7e80000)
  from space 5120K, 99% used [0x00000000d7e80000,0x00000000d8378718,0x00000000d8380000)
  to   space 5120K, 0% used [0x00000000d8380000,0x00000000d8380000,0x00000000d8880000)
 ParOldGen       total 87552K, used 57K [0x0000000081a00000, 0x0000000086f80000, 0x00000000d5e00000)
  object space 87552K, 0% used [0x0000000081a00000,0x0000000081a0e450,0x0000000086f80000)
 Metaspace       used 16908K, capacity 17776K, committed 18048K, reserved 1064960K
  class space    used 2183K, capacity 2400K, committed 2432K, reserved 1048576K
Event: 3.656 GC heap after
Heap after GC invocations=2 (full 0):
 PSYoungGen      total 38400K, used 5104K [0x00000000d5e00000, 0x00000000d8880000, 0x0000000100000000)
  eden space 33280K, 0% used [0x00000000d5e00000,0x00000000d5e00000,0x00000000d7e80000)
  from space 5120K, 99% used [0x00000000d8380000,0x00000000d887c050,0x00000000d8880000)
  to   space 5120K, 0% used [0x00000000d7e80000,0x00000000d7e80000,0x00000000d8380000)
 ParOldGen       total 87552K, used 3312K [0x0000000081a00000, 0x0000000086f80000, 0x00000000d5e00000)
  object space 87552K, 3% used [0x0000000081a00000,0x0000000081d3c278,0x0000000086f80000)
 Metaspace       used 16908K, capacity 17776K, committed 18048K, reserved 1064960K
  class space    used 2183K, capacity 2400K, committed 2432K, reserved 1048576K
}
Event: 4.882 GC heap before
{Heap before GC invocations=3 (full 0):
 PSYoungGen      total 38400K, used 27130K [0x00000000d5e00000, 0x00000000d8880000, 0x0000000100000000)
  eden space 33280K, 66% used [0x00000000d5e00000,0x00000000d73829c0,0x00000000d7e80000)
  from space 5120K, 99% used [0x00000000d8380000,0x00000000d887c050,0x00000000d8880000)
  to   space 5120K, 0% used [0x00000000d7e80000,0x00000000d7e80000,0x00000000d8380000)
 ParOldGen       total 87552K, used 3312K [0x0000000081a00000, 0x0000000086f80000, 0x00000000d5e00000)
  object space 87552K, 3% used [0x0000000081a00000,0x0000000081d3c278,0x0000000086f80000)
 Metaspace       used 20048K, capacity 21260K, committed 21296K, reserved 1067008K
  class space    used 2668K, capacity 2940K, committed 2944K, reserved 1048576K
Event: 4.895 GC heap after
Heap after GC invocations=3 (full 0):
 PSYoungGen      total 38400K, used 5088K [0x00000000d5e00000, 0x00000000d8880000, 0x0000000100000000)
  eden space 33280K, 0% used [0x00000000d5e00000,0x00000000d5e00000,0x00000000d7e80000)
  from space 5120K, 99% used [0x00000000d7e80000,0x00000000d8378060,0x00000000d8380000)
  to   space 5120K, 0% used [0x00000000d8380000,0x00000000d8380000,0x00000000d8880000)
 ParOldGen       total 87552K, used 6350K [0x0000000081a00000, 0x0000000086f80000, 0x00000000d5e00000)
  object space 87552K, 7% used [0x0000000081a00000,0x0000000082033ac0,0x0000000086f80000)
 Metaspace       used 20048K, capacity 21260K, committed 21296K, reserved 1067008K
  class space    used 2668K, capacity 2940K, committed 2944K, reserved 1048576K
}
Event: 4.895 GC heap before
{Heap before GC invocations=4 (full 1):
 PSYoungGen      total 38400K, used 5088K [0x00000000d5e00000, 0x00000000d8880000, 0x0000000100000000)
  eden space 33280K, 0% used [0x00000000d5e00000,0x00000000d5e00000,0x00000000d7e80000)
  from space 5120K, 99% used [0x00000000d7e80000,0x00000000d8378060,0x00000000d8380000)
  to   space 5120K, 0% used [0x00000000d8380000,0x00000000d8380000,0x00000000d8880000)
 ParOldGen       total 87552K, used 6350K [0x0000000081a00000, 0x0000000086f80000, 0x00000000d5e00000)
  object space 87552K, 7% used [0x0000000081a00000,0x0000000082033ac0,0x0000000086f80000)
 Metaspace       used 20048K, capacity 21260K, committed 21296K, reserved 1067008K
  class space    used 2668K, capacity 2940K, committed 2944K, reserved 1048576K
Event: 4.966 GC heap after
Heap after GC invocations=4 (full 1):
 PSYoungGen      total 38400K, used 0K [0x00000000d5e00000, 0x00000000d8880000, 0x0000000100000000)
  eden space 33280K, 0% used [0x00000000d5e00000,0x00000000d5e00000,0x00000000d7e80000)
  from space 5120K, 0% used [0x00000000d7e80000,0x00000000d7e80000,0x00000000d8380000)
  to   space 5120K, 0% used [0x00000000d8380000,0x00000000d8380000,0x00000000d8880000)
 ParOldGen       total 66560K, used 8674K [0x0000000081a00000, 0x0000000085b00000, 0x00000000d5e00000)
  object space 66560K, 13% used [0x0000000081a00000,0x0000000082278ac8,0x0000000085b00000)
 Metaspace       used 20048K, capacity 21260K, committed 21296K, reserved 1067008K
  class space    used 2668K, capacity 2940K, committed 2944K, reserved 1048576K
}

Deoptimization events (10 events):
Event: 3.971 Thread 0x0000000002c14000 Uncommon trap: reason=unstable_if action=reinterpret pc=0x0000000002e973e8 method=java.lang.String.replace(CC)Ljava/lang/String; @ 2
Event: 4.622 Thread 0x0000000002c14000 Uncommon trap: reason=range_check action=none pc=0x00000000031385dc method=sun.reflect.generics.parser.SignatureParser.current()C @ 34
Event: 4.622 Thread 0x0000000002c14000 Uncommon trap: reason=range_check action=none pc=0x00000000031385dc method=sun.reflect.generics.parser.SignatureParser.current()C @ 34
Event: 4.623 Thread 0x0000000002c14000 Uncommon trap: reason=range_check action=none pc=0x00000000031385dc method=sun.reflect.generics.parser.SignatureParser.current()C @ 34
Event: 4.624 Thread 0x0000000002c14000 Uncommon trap: reason=range_check action=none pc=0x00000000031385dc method=sun.reflect.generics.parser.SignatureParser.current()C @ 34
Event: 4.745 Thread 0x0000000002c14000 Uncommon trap: reason=unstable_if action=reinterpret pc=0x000000000333bfc4 method=jdk.internal.org.objectweb.asm.Item.isEqualTo(Ljdk/internal/org/objectweb/asm/Item;)Z @ 331
Event: 4.807 Thread 0x0000000002c14000 Uncommon trap: reason=bimorphic action=maybe_recompile pc=0x0000000003234060 method=java.util.regex.Pattern$Curly.match(Ljava/util/regex/Matcher;ILjava/lang/CharSequence;)Z @ 19
Event: 4.808 Thread 0x0000000002c14000 Uncommon trap: reason=bimorphic action=maybe_recompile pc=0x0000000003234060 method=java.util.regex.Pattern$Curly.match(Ljava/util/regex/Matcher;ILjava/lang/CharSequence;)Z @ 19
Event: 4.833 Thread 0x0000000002c14000 Uncommon trap: reason=bimorphic action=maybe_recompile pc=0x0000000003234060 method=java.util.regex.Pattern$Curly.match(Ljava/util/regex/Matcher;ILjava/lang/CharSequence;)Z @ 19
Event: 4.833 Thread 0x0000000002c14000 Uncommon trap: reason=bimorphic action=maybe_recompile pc=0x0000000003234060 method=java.util.regex.Pattern$Curly.match(Ljava/util/regex/Matcher;ILjava/lang/CharSequence;)Z @ 19

Classes redefined (2 events):
Event: 600.540 Thread 0x0000000017817800 redefined class name=stepdefinitions.TestSessionStep, count=1
Event: 665.684 Thread 0x0000000017817800 redefined class name=stepdefinitions.TestSessionStep, count=2

Internal exceptions (10 events):
Event: 15.623 Thread 0x0000000002c14000 Exception <a 'java/net/SocketTimeoutException': Read timed out> (0x00000000d6832c80) thrown at [C:\re\workspace\8-2-build-windows-amd64-cygwin\jdk8u231\13620\hotspot\src\share\vm\prims\jni.cpp, line 736]
Event: 16.149 Thread 0x0000000002c14000 Exception <a 'java/net/SocketTimeoutException': Read timed out> (0x00000000d6853488) thrown at [C:\re\workspace\8-2-build-windows-amd64-cygwin\jdk8u231\13620\hotspot\src\share\vm\prims\jni.cpp, line 736]
Event: 17.856 Thread 0x0000000002c14000 Exception <a 'java/net/SocketTimeoutException': Read timed out> (0x00000000d68675d0) thrown at [C:\re\workspace\8-2-build-windows-amd64-cygwin\jdk8u231\13620\hotspot\src\share\vm\prims\jni.cpp, line 736]
Event: 17.884 Thread 0x0000000002c14000 Exception <a 'java/lang/NoSuchMethodError': java.lang.Object.of(Ljava/lang/Object;)Ljava/util/stream/Stream;> (0x00000000d6872570) thrown at [C:\re\workspace\8-2-build-windows-amd64-cygwin\jdk8u231\13620\hotspot\src\share\vm\interpreter\linkResolver.cpp, 
Event: 17.894 Thread 0x0000000002c14000 Exception <a 'java/net/SocketTimeoutException': Read timed out> (0x00000000d68a5808) thrown at [C:\re\workspace\8-2-build-windows-amd64-cygwin\jdk8u231\13620\hotspot\src\share\vm\prims\jni.cpp, line 736]
Event: 19.162 Thread 0x0000000002c14000 Exception <a 'java/net/SocketTimeoutException': Read timed out> (0x00000000d68b9ae8) thrown at [C:\re\workspace\8-2-build-windows-amd64-cygwin\jdk8u231\13620\hotspot\src\share\vm\prims\jni.cpp, line 736]
Event: 19.193 Thread 0x0000000002c14000 Exception <a 'java/net/SocketTimeoutException': Read timed out> (0x00000000d68d9100) thrown at [C:\re\workspace\8-2-build-windows-amd64-cygwin\jdk8u231\13620\hotspot\src\share\vm\prims\jni.cpp, line 736]
Event: 19.377 Thread 0x0000000002c14000 Exception <a 'java/net/SocketTimeoutException': Read timed out> (0x00000000d68f1930) thrown at [C:\re\workspace\8-2-build-windows-amd64-cygwin\jdk8u231\13620\hotspot\src\share\vm\prims\jni.cpp, line 736]
Event: 19.410 Thread 0x0000000002c14000 Exception <a 'java/net/SocketTimeoutException': Read timed out> (0x00000000d690bf38) thrown at [C:\re\workspace\8-2-build-windows-amd64-cygwin\jdk8u231\13620\hotspot\src\share\vm\prims\jni.cpp, line 736]
Event: 65.744 Thread 0x0000000002c14000 Exception <a 'java/lang/NullPointerException'> (0x00000000d692f530) thrown at [C:\re\workspace\8-2-build-windows-amd64-cygwin\jdk8u231\13620\hotspot\src\share\vm\interpreter\linkResolver.cpp, line 1185]

Events (10 events):
Event: 665.737 Executing VM operation: ChangeBreakpoints done
Event: 665.765 Executing VM operation: ChangeBreakpoints
Event: 665.766 Executing VM operation: ChangeBreakpoints done
Event: 665.802 Executing VM operation: ChangeBreakpoints
Event: 665.803 Executing VM operation: ChangeBreakpoints done
Event: 666.262 Executing VM operation: GetOwnedMonitorInfo
Event: 666.262 Executing VM operation: GetOwnedMonitorInfo done
Event: 666.262 Executing VM operation: GetCurrentContendedMonitor
Event: 666.262 Executing VM operation: GetCurrentContendedMonitor done
Event: 666.266 Executing VM operation: GetOrSetLocal


Dynamic libraries:
0x00007ff6f5340000 - 0x00007ff6f5377000 	C:\Program Files\Java\jre1.8.0_231\bin\javaw.exe
0x00007ffcbd890000 - 0x00007ffcbda51000 	C:\Windows\SYSTEM32\ntdll.dll
0x00007ffcbaf40000 - 0x00007ffcbafed000 	C:\Windows\system32\KERNEL32.DLL
0x00007ffcba450000 - 0x00007ffcba638000 	C:\Windows\system32\KERNELBASE.dll
0x00007ffcbc980000 - 0x00007ffcbca27000 	C:\Windows\system32\ADVAPI32.dll
0x00007ffcbcea0000 - 0x00007ffcbcf3d000 	C:\Windows\system32\msvcrt.dll
0x00007ffcbac90000 - 0x00007ffcbaceb000 	C:\Windows\system32\sechost.dll
0x00007ffcbd3e0000 - 0x00007ffcbd4fd000 	C:\Windows\system32\RPCRT4.dll
0x00007ffcbd500000 - 0x00007ffcbd656000 	C:\Windows\system32\USER32.dll
0x00007ffcbcbb0000 - 0x00007ffcbcd37000 	C:\Windows\system32\GDI32.dll
0x00007ffca8950000 - 0x00007ffca8bc4000 	C:\Windows\WinSxS\amd64_microsoft.windows.common-controls_6595b64144ccf1df_6.0.10586.839_none_a2ddba30a539a2ae\COMCTL32.dll
0x00007ffcbb120000 - 0x00007ffcbb39e000 	C:\Windows\system32\combase.dll
0x00007ffcb9fd0000 - 0x00007ffcba03a000 	C:\Windows\system32\bcryptPrimitives.dll
0x00007ffcbacf0000 - 0x00007ffcbad2b000 	C:\Windows\system32\IMM32.DLL
0x0000000076020000 - 0x00000000760f2000 	C:\Program Files\Java\jre1.8.0_231\bin\msvcr100.dll
0x0000000073e80000 - 0x0000000074726000 	C:\Program Files\Java\jre1.8.0_231\bin\server\jvm.dll
0x00007ffcbd880000 - 0x00007ffcbd888000 	C:\Windows\system32\PSAPI.DLL
0x00007ffcb5b20000 - 0x00007ffcb5b29000 	C:\Windows\SYSTEM32\WSOCK32.dll
0x00007ffcbb3a0000 - 0x00007ffcbb40b000 	C:\Windows\system32\WS2_32.dll
0x00007ffcb7b20000 - 0x00007ffcb7b43000 	C:\Windows\SYSTEM32\WINMM.dll
0x00007ffcae620000 - 0x00007ffcae62a000 	C:\Windows\SYSTEM32\VERSION.dll
0x00007ffcb7af0000 - 0x00007ffcb7b1c000 	C:\Windows\SYSTEM32\WINMMBASE.dll
0x00007ffcba2c0000 - 0x00007ffcba303000 	C:\Windows\system32\cfgmgr32.dll
0x00007ffcb2430000 - 0x00007ffcb243f000 	C:\Program Files\Java\jre1.8.0_231\bin\verify.dll
0x00007ffcae960000 - 0x00007ffcae989000 	C:\Program Files\Java\jre1.8.0_231\bin\java.dll
0x00007ffc9daa0000 - 0x00007ffc9dad5000 	C:\Program Files\Java\jre1.8.0_231\bin\jdwp.dll
0x00007ffcb4ab0000 - 0x00007ffcb4ab8000 	C:\Program Files\Java\jre1.8.0_231\bin\npt.dll
0x00007ffcaa620000 - 0x00007ffcaa636000 	C:\Program Files\Java\jre1.8.0_231\bin\zip.dll
0x00007ffcbb410000 - 0x00007ffcbc96c000 	C:\Windows\system32\SHELL32.dll
0x00007ffcba640000 - 0x00007ffcbac85000 	C:\Windows\system32\windows.storage.dll
0x00007ffcbaff0000 - 0x00007ffcbb042000 	C:\Windows\system32\shlwapi.dll
0x00007ffcb9f30000 - 0x00007ffcb9f3f000 	C:\Windows\system32\kernel.appcore.dll
0x00007ffcba310000 - 0x00007ffcba3c5000 	C:\Windows\system32\shcore.dll
0x00007ffcb9ee0000 - 0x00007ffcb9f2b000 	C:\Windows\system32\powrprof.dll
0x00007ffcb9ec0000 - 0x00007ffcb9ed4000 	C:\Windows\system32\profapi.dll
0x00007ffcb1e80000 - 0x00007ffcb1e89000 	C:\Program Files\Java\jre1.8.0_231\bin\dt_socket.dll
0x00007ffc9ab40000 - 0x00007ffc9ab56000 	C:\Windows\system32\napinsp.dll
0x00007ffc9af70000 - 0x00007ffc9af8a000 	C:\Windows\system32\pnrpnsp.dll
0x00007ffcb7290000 - 0x00007ffcb72a8000 	C:\Windows\system32\NLAapi.dll
0x00007ffcb97e0000 - 0x00007ffcb983c000 	C:\Windows\System32\mswsock.dll
0x00007ffcb89c0000 - 0x00007ffcb8a6a000 	C:\Windows\SYSTEM32\DNSAPI.dll
0x00007ffcbd3d0000 - 0x00007ffcbd3d8000 	C:\Windows\system32\NSI.dll
0x00007ffcaf5a0000 - 0x00007ffcaf5ad000 	C:\Windows\System32\winrnr.dll
0x00007ffcaa590000 - 0x00007ffcaa5a5000 	C:\Windows\System32\wshbth.dll
0x00007ffcb0580000 - 0x00007ffcb05e7000 	C:\Windows\System32\fwpuclnt.dll
0x00007ffcb9ab0000 - 0x00007ffcb9ad9000 	C:\Windows\SYSTEM32\bcrypt.dll
0x00007ffcae5e0000 - 0x00007ffcae5ea000 	C:\Windows\System32\rasadhlp.dll
0x00007ffca9ce0000 - 0x00007ffca9cfa000 	C:\Program Files\Java\jre1.8.0_231\bin\net.dll
0x00007ffca9870000 - 0x00007ffca9882000 	C:\Program Files\Java\jre1.8.0_231\bin\nio.dll
0x00007ffcb9890000 - 0x00007ffcb98a7000 	C:\Windows\SYSTEM32\CRYPTSP.dll
0x00007ffcb9520000 - 0x00007ffcb9554000 	C:\Windows\system32\rsaenh.dll
0x00007ffcb9670000 - 0x00007ffcb968f000 	C:\Windows\SYSTEM32\USERENV.dll
0x00007ffcb99b0000 - 0x00007ffcb99bb000 	C:\Windows\SYSTEM32\CRYPTBASE.dll
0x00007ffcb0b20000 - 0x00007ffcb0b58000 	C:\Windows\SYSTEM32\IPHLPAPI.DLL
0x00007ffcb0540000 - 0x00007ffcb0556000 	C:\Windows\SYSTEM32\dhcpcsvc6.DLL
0x00007ffcb0640000 - 0x00007ffcb065a000 	C:\Windows\SYSTEM32\dhcpcsvc.DLL
0x00007ffca44a0000 - 0x00007ffca44c4000 	C:\Program Files\Java\jre1.8.0_231\bin\sunec.dll
0x00007ffcad9d0000 - 0x00007ffcad9db000 	C:\Program Files\Java\jre1.8.0_231\bin\sunmscapi.dll
0x00007ffcba040000 - 0x00007ffcba208000 	C:\Windows\system32\CRYPT32.dll
0x00007ffcb9eb0000 - 0x00007ffcb9ec0000 	C:\Windows\system32\MSASN1.dll
0x00007ffcacc30000 - 0x00007ffcacdbc000 	C:\Windows\SYSTEM32\dbghelp.dll

VM Arguments:
jvm_args: -agentlib:jdwp=transport=dt_socket,suspend=y,address=localhost:65114 -ea -Dfile.encoding=UTF-8 
java_command: org.eclipse.jdt.internal.junit.runner.RemoteTestRunner -version 3 -port 65113 -testLoaderClass org.eclipse.jdt.internal.junit4.runner.JUnit4TestLoader -loaderpluginname org.eclipse.jdt.junit4.runtime -classNames Runner.TestRunner
java_class_path (initial): D:\Ajinkya's Framework\Maven_Cucumber-master\target\test-classes;D:\Ajinkya's Framework\Maven_Cucumber-master\target\classes;C:\Users\pc\.m2\repository\junit\junit\4.12\junit-4.12.jar;C:\Users\pc\.m2\repository\org\hamcrest\hamcrest-core\1.3\hamcrest-core-1.3.jar;C:\Users\pc\.m2\repository\io\github\bonigarcia\webdrivermanager\4.0.0\webdrivermanager-4.0.0.jar;C:\Users\pc\.m2\repository\org\slf4j\slf4j-api\1.7.30\slf4j-api-1.7.30.jar;C:\Users\pc\.m2\repository\commons-io\commons-io\2.6\commons-io-2.6.jar;C:\Users\pc\.m2\repository\com\google\code\gson\gson\2.8.6\gson-2.8.6.jar;C:\Users\pc\.m2\repository\org\apache\commons\commons-lang3\3.10\commons-lang3-3.10.jar;C:\Users\pc\.m2\repository\org\apache\httpcomponents\client5\httpclient5\5.0\httpclient5-5.0.jar;C:\Users\pc\.m2\repository\org\apache\httpcomponents\core5\httpcore5\5.0\httpcore5-5.0.jar;C:\Users\pc\.m2\repository\org\apache\httpcomponents\core5\httpcore5-h2\5.0\httpcore5-h2-5.0.jar;C:\Users\pc\.m2\repository\commons-codec\commons-codec\1.13\commons-codec-1.13.jar;C:\Users\pc\.m2\repository\org\rauschig\jarchivelib\1.0.0\jarchivelib-1.0.0.jar;C:\Users\pc\.m2\repository\org\apache\commons\commons-compress\1.18\commons-compress-1.18.jar;C:\Users\pc\.m2\repository\org\jsoup\jsoup\1.13.1\jsoup-1.13.1.jar;C:\Users\pc\.m2\repository\io\cucumber\cucumber-picocontainer\5.5.0\cucumber-picocontainer-5.5.0.jar;C:\Users\pc\.m2\repository\io\cucumber\cucumber-core\5.5.0\cucumber-core-5.5.0.jar;C:\Users\pc\.m2\repository\io\cucumber\cucumber-gherkin\5.5.0\cucumber-gherkin-5.5.0.jar;C:\Users\pc\.m2\repository\io\cucumber\cucumber-gherkin-vintage\5.5.0\cucumber-gherkin-vintage-5.5.0.jar;C:\Users\pc\.m2\repository\io\cucumber\tag-expressions\2.0.4\tag-expressions-2.0.4.jar;C:\Users\pc\.m2\repository\io\cucumber\cucumber-expressions\8.3.1\cucumber-expressions-8.3.1.jar;C:\Users\pc\.m2\repository\io\cucumber\datatable\3.3.0\datatable-3.3.0.jar;C:\Users\pc\.m2\repository\io\cucumber\cucumber-plugin
Launcher Type: SUN_STANDARD

Environment Variables:
PATH=C:/Program Files/Java/jre1.8.0_231/bin/server;C:/Program Files/Java/jre1.8.0_231/bin;C:/Program Files/Java/jre1.8.0_231/lib/amd64;C:\Program Files (x86)\Common Files\Oracle\Java\javapath;C:\Windows\system32;C:\Windows;C:\Windows\System32\Wbem;C:\Windows\System32\WindowsPowerShell\v1.0\;C:\Program Files\Git\cmd;C:\Users\pc\AppData\Local\Temp\Rar$EXa0.960\eclipse;
USERNAME=pc
OS=Windows_NT
PROCESSOR_IDENTIFIER=Intel64 Family 6 Model 69 Stepping 1, GenuineIntel



---------------  S Y S T E M  ---------------

OS: Windows 10.0 , 64 bit Build 10586 (10.0.10586.589)

CPU:total 4 (initial active 4) (2 cores per cpu, 2 threads per core) family 6 model 69 stepping 1, cmov, cx8, fxsr, mmx, sse, sse2, sse3, ssse3, sse4.1, sse4.2, popcnt, avx, avx2, aes, clmul, erms, lzcnt, ht, tsc, tscinvbit, bmi1, bmi2

Memory: 4k page, physical 8278296k(2401816k free), swap 12571212k(1791608k free)

vm_info: Java HotSpot(TM) 64-Bit Server VM (25.231-b11) for windows-amd64 JRE (1.8.0_231-b11), built on Oct  5 2019 03:11:30 by "java_re" with MS VC++ 10.0 (VS2010)

time: Wed Jun 24 20:44:36 2020
timezone: India Standard Time
elapsed time: 666 seconds (0d 0h 11m 6s)

